<?xml version="1.0" encoding="utf-8"?>
<TestRun id="05918561-ab1e-425b-a358-aec08aa675ef" name="@grava2204 2024-08-25 13:51:06" xmlns="http://microsoft.com/schemas/VisualStudio/TeamTest/2010">
  <Times creation="2024-08-25T13:51:06.2604348+04:00" queuing="2024-08-25T13:51:06.2604349+04:00" start="2024-08-25T13:51:05.3241092+04:00" finish="2024-08-25T13:51:06.3128989+04:00" />
  <TestSettings name="default" id="29a670d4-70ce-4ac6-8b88-292c6a7602bd">
    <Deployment runDeploymentRoot="_grava2204_2024-08-25_13_51_06" />
  </TestSettings>
  <Results>
    <UnitTestResult executionId="6b83c991-52b6-4e45-9ffc-194f7af6ec9f" testId="99fbffd4-ebad-8db1-a2df-63d078e21ea0" testName="SampleTest(&quot;abc&quot;,&quot;abcd&quot;,False)" computerName="grava2204" duration="00:00:00.0000220" startTime="2024-08-25T13:51:06.1251898+04:00" endTime="2024-08-25T13:51:06.1252114+04:00" testType="13cdc9d9-ddb5-4fa4-a97d-d965ccfc6d4b" outcome="Passed" testListId="8c84fa94-04c1-424b-9868-57a2d4851a1d" relativeResultsDirectory="6b83c991-52b6-4e45-9ffc-194f7af6ec9f" />
    <UnitTestResult executionId="3158d770-e714-4777-b91d-47cb2f65ddb4" testId="f6fcc4e7-ca1b-d9c3-3635-8738bfef3f11" testName="SampleTest(&quot;ails&quot;,&quot;fails&quot;,False)" computerName="grava2204" duration="00:00:00.0000180" startTime="2024-08-25T13:51:06.1293517+04:00" endTime="2024-08-25T13:51:06.1293694+04:00" testType="13cdc9d9-ddb5-4fa4-a97d-d965ccfc6d4b" outcome="Passed" testListId="8c84fa94-04c1-424b-9868-57a2d4851a1d" relativeResultsDirectory="3158d770-e714-4777-b91d-47cb2f65ddb4" />
    <UnitTestResult executionId="b6b262af-bb0e-4269-b720-c4a918c38952" testId="21ad0bc6-ed41-1c10-27e8-ed793575d96c" testName="SampleTest([5, 3, 4])" computerName="grava2204" duration="00:00:00.0000150" startTime="2024-08-25T13:51:06.1335203+04:00" endTime="2024-08-25T13:51:06.1335349+04:00" testType="13cdc9d9-ddb5-4fa4-a97d-d965ccfc6d4b" outcome="Passed" testListId="8c84fa94-04c1-424b-9868-57a2d4851a1d" relativeResultsDirectory="b6b262af-bb0e-4269-b720-c4a918c38952" />
    <UnitTestResult executionId="7c902d84-94bf-4617-9edc-396416373af4" testId="04d71ac9-9e92-a729-bc85-e46dcce18c00" testName="SampleTest(&quot;samurai&quot;,&quot;ra&quot;,False)" computerName="grava2204" duration="00:00:00.0000150" startTime="2024-08-25T13:51:06.1251676+04:00" endTime="2024-08-25T13:51:06.1251826+04:00" testType="13cdc9d9-ddb5-4fa4-a97d-d965ccfc6d4b" outcome="Passed" testListId="8c84fa94-04c1-424b-9868-57a2d4851a1d" relativeResultsDirectory="7c902d84-94bf-4617-9edc-396416373af4" />
    <UnitTestResult executionId="cb944599-be5b-436c-97cd-913e32676aa6" testId="2fecd2bb-d1ad-add5-0ff0-c55033a142f6" testName="WelcomeTest" computerName="grava2204" duration="00:00:00.0006800" startTime="2024-08-25T13:51:06.1337299+04:00" endTime="2024-08-25T13:51:06.1344104+04:00" testType="13cdc9d9-ddb5-4fa4-a97d-d965ccfc6d4b" outcome="Passed" testListId="8c84fa94-04c1-424b-9868-57a2d4851a1d" relativeResultsDirectory="cb944599-be5b-436c-97cd-913e32676aa6" />
    <UnitTestResult executionId="b47ede27-47a7-4a14-88d1-4f817a943637" testId="8e6f716b-00a5-b259-42d3-b99dbe7983cc" testName="SampleTest(&quot;this&quot;,&quot;fails&quot;,False)" computerName="grava2204" duration="00:00:00.0000150" startTime="2024-08-25T13:51:06.1293997+04:00" endTime="2024-08-25T13:51:06.1294142+04:00" testType="13cdc9d9-ddb5-4fa4-a97d-d965ccfc6d4b" outcome="Passed" testListId="8c84fa94-04c1-424b-9868-57a2d4851a1d" relativeResultsDirectory="b47ede27-47a7-4a14-88d1-4f817a943637" />
    <UnitTestResult executionId="df2ce76c-d1a3-4fe9-a120-37679f8a1af3" testId="0dbb60f5-6bce-fb18-c008-d381d0ad7797" testName="SampleTest([1, 2, 2])" computerName="grava2204" duration="00:00:00.0012660" startTime="2024-08-25T13:51:06.1319840+04:00" endTime="2024-08-25T13:51:06.1332497+04:00" testType="13cdc9d9-ddb5-4fa4-a97d-d965ccfc6d4b" outcome="Passed" testListId="8c84fa94-04c1-424b-9868-57a2d4851a1d" relativeResultsDirectory="df2ce76c-d1a3-4fe9-a120-37679f8a1af3" />
    <UnitTestResult executionId="29872522-4379-44ae-9cba-637751eed652" testId="aaf39c73-70de-7200-cd2b-58dab5215631" testName="SampleTest(&quot;!@#$%^&amp;*() :-)&quot;,&quot;:-)&quot;,True)" computerName="grava2204" duration="00:00:00.0000200" startTime="2024-08-25T13:51:06.1294850+04:00" endTime="2024-08-25T13:51:06.1295047+04:00" testType="13cdc9d9-ddb5-4fa4-a97d-d965ccfc6d4b" outcome="Passed" testListId="8c84fa94-04c1-424b-9868-57a2d4851a1d" relativeResultsDirectory="29872522-4379-44ae-9cba-637751eed652" />
    <UnitTestResult executionId="cc246d6a-593f-4c69-b65b-bec955372a2e" testId="9621f518-891b-c423-5e19-273e9d475310" testName="SampleTest(&quot;samurai&quot;,&quot;ai&quot;,True)" computerName="grava2204" duration="00:00:00.0054560" startTime="2024-08-25T13:51:06.1189484+04:00" endTime="2024-08-25T13:51:06.1244046+04:00" testType="13cdc9d9-ddb5-4fa4-a97d-d965ccfc6d4b" outcome="Passed" testListId="8c84fa94-04c1-424b-9868-57a2d4851a1d" relativeResultsDirectory="cc246d6a-593f-4c69-b65b-bec955372a2e" />
    <UnitTestResult executionId="355f1a58-e037-4a49-ad2b-afe3a97d56d3" testId="5090787d-cb9f-908d-08f5-f71f016cf72d" testName="SampleTest([1, 2])" computerName="grava2204" duration="00:00:00.0002440" startTime="2024-08-25T13:51:06.1332636+04:00" endTime="2024-08-25T13:51:06.1335076+04:00" testType="13cdc9d9-ddb5-4fa4-a97d-d965ccfc6d4b" outcome="Passed" testListId="8c84fa94-04c1-424b-9868-57a2d4851a1d" relativeResultsDirectory="355f1a58-e037-4a49-ad2b-afe3a97d56d3" />
    <UnitTestResult executionId="8e6eb7a6-fc6d-4b61-a907-ec4a42af9619" testId="e0e642e1-14e3-52f8-70ad-16b2e9c3c51c" testName="SampleTest(&quot;fails&quot;,&quot;ails&quot;,True)" computerName="grava2204" duration="00:00:00.0000160" startTime="2024-08-25T13:51:06.1293766+04:00" endTime="2024-08-25T13:51:06.1293925+04:00" testType="13cdc9d9-ddb5-4fa4-a97d-d965ccfc6d4b" outcome="Passed" testListId="8c84fa94-04c1-424b-9868-57a2d4851a1d" relativeResultsDirectory="8e6eb7a6-fc6d-4b61-a907-ec4a42af9619" />
    <UnitTestResult executionId="ebe74fe7-821b-4353-b134-a3d9bb02a924" testId="53853714-e700-5348-983d-e3b36d23f8ac" testName="SampleTest(&quot;sumo&quot;,&quot;omo&quot;,False)" computerName="grava2204" duration="00:00:00.0006610" startTime="2024-08-25T13:51:06.1244196+04:00" endTime="2024-08-25T13:51:06.1250803+04:00" testType="13cdc9d9-ddb5-4fa4-a97d-d965ccfc6d4b" outcome="Passed" testListId="8c84fa94-04c1-424b-9868-57a2d4851a1d" relativeResultsDirectory="ebe74fe7-821b-4353-b134-a3d9bb02a924" />
    <UnitTestResult executionId="5a43b4ee-33d5-4294-aae5-9b51ae2c39be" testId="691d6967-3877-8be8-d6cf-50bd8264ec75" testName="SampleTest(&quot;sensei&quot;,&quot;i&quot;,True)" computerName="grava2204" duration="00:00:00.0000180" startTime="2024-08-25T13:51:06.1251426+04:00" endTime="2024-08-25T13:51:06.1251605+04:00" testType="13cdc9d9-ddb5-4fa4-a97d-d965ccfc6d4b" outcome="Passed" testListId="8c84fa94-04c1-424b-9868-57a2d4851a1d" relativeResultsDirectory="5a43b4ee-33d5-4294-aae5-9b51ae2c39be" />
    <UnitTestResult executionId="6db887f8-92c0-47fa-b8cc-8cd1fd7c5420" testId="ca28608d-bdc3-4166-9756-ee2c78beab85" testName="DuplicateEncoderTest" computerName="grava2204" duration="00:00:00.0124210" startTime="2024-08-25T13:51:06.0999774+04:00" endTime="2024-08-25T13:51:06.1122519+04:00" testType="13cdc9d9-ddb5-4fa4-a97d-d965ccfc6d4b" outcome="Passed" testListId="8c84fa94-04c1-424b-9868-57a2d4851a1d" relativeResultsDirectory="6db887f8-92c0-47fa-b8cc-8cd1fd7c5420" />
    <UnitTestResult executionId="03ab6e8e-34dc-45fa-8130-b587ced3e46b" testId="0491c4d4-3c2a-7426-2c9e-61e4e5529872" testName="SampleTest(&quot;ninja&quot;,&quot;ja&quot;,True)" computerName="grava2204" duration="00:00:00.0000390" startTime="2024-08-25T13:51:06.1250943+04:00" endTime="2024-08-25T13:51:06.1251331+04:00" testType="13cdc9d9-ddb5-4fa4-a97d-d965ccfc6d4b" outcome="Passed" testListId="8c84fa94-04c1-424b-9868-57a2d4851a1d" relativeResultsDirectory="03ab6e8e-34dc-45fa-8130-b587ced3e46b" />
    <UnitTestResult executionId="0e679804-5898-455d-b64e-b35c501d842b" testId="44651b18-9ac6-ab33-6f4b-7f0addedcd19" testName="ReversedStringTestsTest" computerName="grava2204" duration="00:00:00.0004990" startTime="2024-08-25T13:51:06.1181996+04:00" endTime="2024-08-25T13:51:06.1186984+04:00" testType="13cdc9d9-ddb5-4fa4-a97d-d965ccfc6d4b" outcome="Passed" testListId="8c84fa94-04c1-424b-9868-57a2d4851a1d" relativeResultsDirectory="0e679804-5898-455d-b64e-b35c501d842b" />
    <UnitTestResult executionId="7a2fd6ce-b3c5-48ee-873a-dd61f5f72831" testId="f7eedc70-2d13-4e52-8875-3ce5d4fe90f8" testName="SampleTest(&quot;abc&quot;,&quot;&quot;,True)" computerName="grava2204" duration="00:00:00.0000190" startTime="2024-08-25T13:51:06.1294210+04:00" endTime="2024-08-25T13:51:06.1294402+04:00" testType="13cdc9d9-ddb5-4fa4-a97d-d965ccfc6d4b" outcome="Passed" testListId="8c84fa94-04c1-424b-9868-57a2d4851a1d" relativeResultsDirectory="7a2fd6ce-b3c5-48ee-873a-dd61f5f72831" />
    <UnitTestResult executionId="c19bd622-7336-4722-8ab3-c25c56a2dc27" testId="e9f05a0e-52ac-a654-72a9-83a92ee09440" testName="SampleTest(&quot;abcabc&quot;,&quot;bc&quot;,True)" computerName="grava2204" duration="00:00:00.0000390" startTime="2024-08-25T13:51:06.1293040+04:00" endTime="2024-08-25T13:51:06.1293430+04:00" testType="13cdc9d9-ddb5-4fa4-a97d-d965ccfc6d4b" outcome="Passed" testListId="8c84fa94-04c1-424b-9868-57a2d4851a1d" relativeResultsDirectory="c19bd622-7336-4722-8ab3-c25c56a2dc27" />
    <UnitTestResult executionId="56e1409c-27d2-4a27-b6d3-7786cb85047d" testId="edb1b60a-5c32-0f1e-c6d7-5144d2a415ea" testName="SampleTest(&quot;abc\n&quot;,&quot;abc&quot;,False)" computerName="grava2204" duration="00:00:00.0021310" startTime="2024-08-25T13:51:06.1295120+04:00" endTime="2024-08-25T13:51:06.1316430+04:00" testType="13cdc9d9-ddb5-4fa4-a97d-d965ccfc6d4b" outcome="Passed" testListId="8c84fa94-04c1-424b-9868-57a2d4851a1d" relativeResultsDirectory="56e1409c-27d2-4a27-b6d3-7786cb85047d" />
    <UnitTestResult executionId="8b9ce4ac-6496-44a7-9796-6118c0d5b664" testId="1a5b152b-6fa2-0c3f-d309-d24dfc977679" testName="SampleTest(&quot;abc&quot;,&quot;abc&quot;,True)" computerName="grava2204" duration="00:00:00.0040650" startTime="2024-08-25T13:51:06.1252190+04:00" endTime="2024-08-25T13:51:06.1292843+04:00" testType="13cdc9d9-ddb5-4fa4-a97d-d965ccfc6d4b" outcome="Passed" testListId="8c84fa94-04c1-424b-9868-57a2d4851a1d" relativeResultsDirectory="8b9ce4ac-6496-44a7-9796-6118c0d5b664" />
    <UnitTestResult executionId="995a2352-c6ff-431f-a782-69aa3b96178b" testId="cbaa6d23-743f-f50c-76da-7435df8484c0" testName="SampleTest([])" computerName="grava2204" duration="00:00:00.0000080" startTime="2024-08-25T13:51:06.1335416+04:00" endTime="2024-08-25T13:51:06.1335499+04:00" testType="13cdc9d9-ddb5-4fa4-a97d-d965ccfc6d4b" outcome="Passed" testListId="8c84fa94-04c1-424b-9868-57a2d4851a1d" relativeResultsDirectory="995a2352-c6ff-431f-a782-69aa3b96178b" />
    <UnitTestResult executionId="6272bbd6-c3e1-4962-8a79-466cf8e1500a" testId="64218e87-cd2e-94ca-d20d-728406f68cec" testName="SampleTest(&quot;:-)&quot;,&quot;:-(&quot;,False)" computerName="grava2204" duration="00:00:00.0000150" startTime="2024-08-25T13:51:06.1294473+04:00" endTime="2024-08-25T13:51:06.1294627+04:00" testType="13cdc9d9-ddb5-4fa4-a97d-d965ccfc6d4b" outcome="Passed" testListId="8c84fa94-04c1-424b-9868-57a2d4851a1d" relativeResultsDirectory="6272bbd6-c3e1-4962-8a79-466cf8e1500a" />
  </Results>
  <TestDefinitions>
    <UnitTest name="SampleTest(&quot;abcabc&quot;,&quot;bc&quot;,True)" storage="/home/grava/repos/codewarskata/katas/test/bin/debug/net8.0/test.dll" id="e9f05a0e-52ac-a654-72a9-83a92ee09440">
      <Execution id="c19bd622-7336-4722-8ab3-c25c56a2dc27" />
      <TestMethod codeBase="/home/grava/repos/codewarskata/Katas/test/bin/Debug/net8.0/test.dll" adapterTypeName="executor://nunit3testexecutor/" className="StringEndsWithTests" name="SampleTest(&quot;abcabc&quot;,&quot;bc&quot;,True)" />
    </UnitTest>
    <UnitTest name="SampleTest(&quot;abc&quot;,&quot;&quot;,True)" storage="/home/grava/repos/codewarskata/katas/test/bin/debug/net8.0/test.dll" id="f7eedc70-2d13-4e52-8875-3ce5d4fe90f8">
      <Execution id="7a2fd6ce-b3c5-48ee-873a-dd61f5f72831" />
      <TestMethod codeBase="/home/grava/repos/codewarskata/Katas/test/bin/Debug/net8.0/test.dll" adapterTypeName="executor://nunit3testexecutor/" className="StringEndsWithTests" name="SampleTest(&quot;abc&quot;,&quot;&quot;,True)" />
    </UnitTest>
    <UnitTest name="SampleTest(&quot;fails&quot;,&quot;ails&quot;,True)" storage="/home/grava/repos/codewarskata/katas/test/bin/debug/net8.0/test.dll" id="e0e642e1-14e3-52f8-70ad-16b2e9c3c51c">
      <Execution id="8e6eb7a6-fc6d-4b61-a907-ec4a42af9619" />
      <TestMethod codeBase="/home/grava/repos/codewarskata/Katas/test/bin/Debug/net8.0/test.dll" adapterTypeName="executor://nunit3testexecutor/" className="StringEndsWithTests" name="SampleTest(&quot;fails&quot;,&quot;ails&quot;,True)" />
    </UnitTest>
    <UnitTest name="SampleTest(&quot;samurai&quot;,&quot;ra&quot;,False)" storage="/home/grava/repos/codewarskata/katas/test/bin/debug/net8.0/test.dll" id="04d71ac9-9e92-a729-bc85-e46dcce18c00">
      <Execution id="7c902d84-94bf-4617-9edc-396416373af4" />
      <TestMethod codeBase="/home/grava/repos/codewarskata/Katas/test/bin/Debug/net8.0/test.dll" adapterTypeName="executor://nunit3testexecutor/" className="StringEndsWithTests" name="SampleTest(&quot;samurai&quot;,&quot;ra&quot;,False)" />
    </UnitTest>
    <UnitTest name="SampleTest([5, 3, 4])" storage="/home/grava/repos/codewarskata/katas/test/bin/debug/net8.0/test.dll" id="21ad0bc6-ed41-1c10-27e8-ed793575d96c">
      <Execution id="b6b262af-bb0e-4269-b720-c4a918c38952" />
      <TestMethod codeBase="/home/grava/repos/codewarskata/Katas/test/bin/Debug/net8.0/test.dll" adapterTypeName="executor://nunit3testexecutor/" className="Tests" name="SampleTest([5, 3, 4])" />
    </UnitTest>
    <UnitTest name="SampleTest([1, 2, 2])" storage="/home/grava/repos/codewarskata/katas/test/bin/debug/net8.0/test.dll" id="0dbb60f5-6bce-fb18-c008-d381d0ad7797">
      <Execution id="df2ce76c-d1a3-4fe9-a120-37679f8a1af3" />
      <TestMethod codeBase="/home/grava/repos/codewarskata/Katas/test/bin/Debug/net8.0/test.dll" adapterTypeName="executor://nunit3testexecutor/" className="Tests" name="SampleTest([1, 2, 2])" />
    </UnitTest>
    <UnitTest name="ReversedStringTestsTest" storage="/home/grava/repos/codewarskata/katas/test/bin/debug/net8.0/test.dll" id="44651b18-9ac6-ab33-6f4b-7f0addedcd19">
      <Execution id="0e679804-5898-455d-b64e-b35c501d842b" />
      <TestMethod codeBase="/home/grava/repos/codewarskata/Katas/test/bin/Debug/net8.0/test.dll" adapterTypeName="executor://nunit3testexecutor/" className="ReversedStringTestsTests" name="ReversedStringTestsTest" />
    </UnitTest>
    <UnitTest name="SampleTest([1, 2])" storage="/home/grava/repos/codewarskata/katas/test/bin/debug/net8.0/test.dll" id="5090787d-cb9f-908d-08f5-f71f016cf72d">
      <Execution id="355f1a58-e037-4a49-ad2b-afe3a97d56d3" />
      <TestMethod codeBase="/home/grava/repos/codewarskata/Katas/test/bin/Debug/net8.0/test.dll" adapterTypeName="executor://nunit3testexecutor/" className="Tests" name="SampleTest([1, 2])" />
    </UnitTest>
    <UnitTest name="SampleTest(&quot;ninja&quot;,&quot;ja&quot;,True)" storage="/home/grava/repos/codewarskata/katas/test/bin/debug/net8.0/test.dll" id="0491c4d4-3c2a-7426-2c9e-61e4e5529872">
      <Execution id="03ab6e8e-34dc-45fa-8130-b587ced3e46b" />
      <TestMethod codeBase="/home/grava/repos/codewarskata/Katas/test/bin/Debug/net8.0/test.dll" adapterTypeName="executor://nunit3testexecutor/" className="StringEndsWithTests" name="SampleTest(&quot;ninja&quot;,&quot;ja&quot;,True)" />
    </UnitTest>
    <UnitTest name="WelcomeTest" storage="/home/grava/repos/codewarskata/katas/test/bin/debug/net8.0/test.dll" id="2fecd2bb-d1ad-add5-0ff0-c55033a142f6">
      <Execution id="cb944599-be5b-436c-97cd-913e32676aa6" />
      <TestMethod codeBase="/home/grava/repos/codewarskata/Katas/test/bin/Debug/net8.0/test.dll" adapterTypeName="executor://nunit3testexecutor/" className="WelcomeTests" name="WelcomeTest" />
    </UnitTest>
    <UnitTest name="SampleTest(&quot;!@#$%^&amp;*() :-)&quot;,&quot;:-)&quot;,True)" storage="/home/grava/repos/codewarskata/katas/test/bin/debug/net8.0/test.dll" id="aaf39c73-70de-7200-cd2b-58dab5215631">
      <Execution id="29872522-4379-44ae-9cba-637751eed652" />
      <TestMethod codeBase="/home/grava/repos/codewarskata/Katas/test/bin/Debug/net8.0/test.dll" adapterTypeName="executor://nunit3testexecutor/" className="StringEndsWithTests" name="SampleTest(&quot;!@#$%^&amp;*() :-)&quot;,&quot;:-)&quot;,True)" />
    </UnitTest>
    <UnitTest name="SampleTest(&quot;ails&quot;,&quot;fails&quot;,False)" storage="/home/grava/repos/codewarskata/katas/test/bin/debug/net8.0/test.dll" id="f6fcc4e7-ca1b-d9c3-3635-8738bfef3f11">
      <Execution id="3158d770-e714-4777-b91d-47cb2f65ddb4" />
      <TestMethod codeBase="/home/grava/repos/codewarskata/Katas/test/bin/Debug/net8.0/test.dll" adapterTypeName="executor://nunit3testexecutor/" className="StringEndsWithTests" name="SampleTest(&quot;ails&quot;,&quot;fails&quot;,False)" />
    </UnitTest>
    <UnitTest name="SampleTest(&quot;abc\n&quot;,&quot;abc&quot;,False)" storage="/home/grava/repos/codewarskata/katas/test/bin/debug/net8.0/test.dll" id="edb1b60a-5c32-0f1e-c6d7-5144d2a415ea">
      <Execution id="56e1409c-27d2-4a27-b6d3-7786cb85047d" />
      <TestMethod codeBase="/home/grava/repos/codewarskata/Katas/test/bin/Debug/net8.0/test.dll" adapterTypeName="executor://nunit3testexecutor/" className="StringEndsWithTests" name="SampleTest(&quot;abc\n&quot;,&quot;abc&quot;,False)" />
    </UnitTest>
    <UnitTest name="SampleTest(&quot;abc&quot;,&quot;abcd&quot;,False)" storage="/home/grava/repos/codewarskata/katas/test/bin/debug/net8.0/test.dll" id="99fbffd4-ebad-8db1-a2df-63d078e21ea0">
      <Execution id="6b83c991-52b6-4e45-9ffc-194f7af6ec9f" />
      <TestMethod codeBase="/home/grava/repos/codewarskata/Katas/test/bin/Debug/net8.0/test.dll" adapterTypeName="executor://nunit3testexecutor/" className="StringEndsWithTests" name="SampleTest(&quot;abc&quot;,&quot;abcd&quot;,False)" />
    </UnitTest>
    <UnitTest name="SampleTest(&quot;:-)&quot;,&quot;:-(&quot;,False)" storage="/home/grava/repos/codewarskata/katas/test/bin/debug/net8.0/test.dll" id="64218e87-cd2e-94ca-d20d-728406f68cec">
      <Execution id="6272bbd6-c3e1-4962-8a79-466cf8e1500a" />
      <TestMethod codeBase="/home/grava/repos/codewarskata/Katas/test/bin/Debug/net8.0/test.dll" adapterTypeName="executor://nunit3testexecutor/" className="StringEndsWithTests" name="SampleTest(&quot;:-)&quot;,&quot;:-(&quot;,False)" />
    </UnitTest>
    <UnitTest name="SampleTest(&quot;samurai&quot;,&quot;ai&quot;,True)" storage="/home/grava/repos/codewarskata/katas/test/bin/debug/net8.0/test.dll" id="9621f518-891b-c423-5e19-273e9d475310">
      <Execution id="cc246d6a-593f-4c69-b65b-bec955372a2e" />
      <TestMethod codeBase="/home/grava/repos/codewarskata/Katas/test/bin/Debug/net8.0/test.dll" adapterTypeName="executor://nunit3testexecutor/" className="StringEndsWithTests" name="SampleTest(&quot;samurai&quot;,&quot;ai&quot;,True)" />
    </UnitTest>
    <UnitTest name="SampleTest(&quot;sensei&quot;,&quot;i&quot;,True)" storage="/home/grava/repos/codewarskata/katas/test/bin/debug/net8.0/test.dll" id="691d6967-3877-8be8-d6cf-50bd8264ec75">
      <Execution id="5a43b4ee-33d5-4294-aae5-9b51ae2c39be" />
      <TestMethod codeBase="/home/grava/repos/codewarskata/Katas/test/bin/Debug/net8.0/test.dll" adapterTypeName="executor://nunit3testexecutor/" className="StringEndsWithTests" name="SampleTest(&quot;sensei&quot;,&quot;i&quot;,True)" />
    </UnitTest>
    <UnitTest name="SampleTest(&quot;sumo&quot;,&quot;omo&quot;,False)" storage="/home/grava/repos/codewarskata/katas/test/bin/debug/net8.0/test.dll" id="53853714-e700-5348-983d-e3b36d23f8ac">
      <Execution id="ebe74fe7-821b-4353-b134-a3d9bb02a924" />
      <TestMethod codeBase="/home/grava/repos/codewarskata/Katas/test/bin/Debug/net8.0/test.dll" adapterTypeName="executor://nunit3testexecutor/" className="StringEndsWithTests" name="SampleTest(&quot;sumo&quot;,&quot;omo&quot;,False)" />
    </UnitTest>
    <UnitTest name="SampleTest(&quot;abc&quot;,&quot;abc&quot;,True)" storage="/home/grava/repos/codewarskata/katas/test/bin/debug/net8.0/test.dll" id="1a5b152b-6fa2-0c3f-d309-d24dfc977679">
      <Execution id="8b9ce4ac-6496-44a7-9796-6118c0d5b664" />
      <TestMethod codeBase="/home/grava/repos/codewarskata/Katas/test/bin/Debug/net8.0/test.dll" adapterTypeName="executor://nunit3testexecutor/" className="StringEndsWithTests" name="SampleTest(&quot;abc&quot;,&quot;abc&quot;,True)" />
    </UnitTest>
    <UnitTest name="SampleTest([])" storage="/home/grava/repos/codewarskata/katas/test/bin/debug/net8.0/test.dll" id="cbaa6d23-743f-f50c-76da-7435df8484c0">
      <Execution id="995a2352-c6ff-431f-a782-69aa3b96178b" />
      <TestMethod codeBase="/home/grava/repos/codewarskata/Katas/test/bin/Debug/net8.0/test.dll" adapterTypeName="executor://nunit3testexecutor/" className="Tests" name="SampleTest([])" />
    </UnitTest>
    <UnitTest name="DuplicateEncoderTest" storage="/home/grava/repos/codewarskata/katas/test/bin/debug/net8.0/test.dll" id="ca28608d-bdc3-4166-9756-ee2c78beab85">
      <Execution id="6db887f8-92c0-47fa-b8cc-8cd1fd7c5420" />
      <TestMethod codeBase="/home/grava/repos/codewarskata/Katas/test/bin/Debug/net8.0/test.dll" adapterTypeName="executor://nunit3testexecutor/" className="DuplicateEncoderTests" name="DuplicateEncoderTest" />
    </UnitTest>
    <UnitTest name="SampleTest(&quot;this&quot;,&quot;fails&quot;,False)" storage="/home/grava/repos/codewarskata/katas/test/bin/debug/net8.0/test.dll" id="8e6f716b-00a5-b259-42d3-b99dbe7983cc">
      <Execution id="b47ede27-47a7-4a14-88d1-4f817a943637" />
      <TestMethod codeBase="/home/grava/repos/codewarskata/Katas/test/bin/Debug/net8.0/test.dll" adapterTypeName="executor://nunit3testexecutor/" className="StringEndsWithTests" name="SampleTest(&quot;this&quot;,&quot;fails&quot;,False)" />
    </UnitTest>
  </TestDefinitions>
  <TestEntries>
    <TestEntry testId="99fbffd4-ebad-8db1-a2df-63d078e21ea0" executionId="6b83c991-52b6-4e45-9ffc-194f7af6ec9f" testListId="8c84fa94-04c1-424b-9868-57a2d4851a1d" />
    <TestEntry testId="f6fcc4e7-ca1b-d9c3-3635-8738bfef3f11" executionId="3158d770-e714-4777-b91d-47cb2f65ddb4" testListId="8c84fa94-04c1-424b-9868-57a2d4851a1d" />
    <TestEntry testId="21ad0bc6-ed41-1c10-27e8-ed793575d96c" executionId="b6b262af-bb0e-4269-b720-c4a918c38952" testListId="8c84fa94-04c1-424b-9868-57a2d4851a1d" />
    <TestEntry testId="04d71ac9-9e92-a729-bc85-e46dcce18c00" executionId="7c902d84-94bf-4617-9edc-396416373af4" testListId="8c84fa94-04c1-424b-9868-57a2d4851a1d" />
    <TestEntry testId="2fecd2bb-d1ad-add5-0ff0-c55033a142f6" executionId="cb944599-be5b-436c-97cd-913e32676aa6" testListId="8c84fa94-04c1-424b-9868-57a2d4851a1d" />
    <TestEntry testId="8e6f716b-00a5-b259-42d3-b99dbe7983cc" executionId="b47ede27-47a7-4a14-88d1-4f817a943637" testListId="8c84fa94-04c1-424b-9868-57a2d4851a1d" />
    <TestEntry testId="0dbb60f5-6bce-fb18-c008-d381d0ad7797" executionId="df2ce76c-d1a3-4fe9-a120-37679f8a1af3" testListId="8c84fa94-04c1-424b-9868-57a2d4851a1d" />
    <TestEntry testId="aaf39c73-70de-7200-cd2b-58dab5215631" executionId="29872522-4379-44ae-9cba-637751eed652" testListId="8c84fa94-04c1-424b-9868-57a2d4851a1d" />
    <TestEntry testId="9621f518-891b-c423-5e19-273e9d475310" executionId="cc246d6a-593f-4c69-b65b-bec955372a2e" testListId="8c84fa94-04c1-424b-9868-57a2d4851a1d" />
    <TestEntry testId="5090787d-cb9f-908d-08f5-f71f016cf72d" executionId="355f1a58-e037-4a49-ad2b-afe3a97d56d3" testListId="8c84fa94-04c1-424b-9868-57a2d4851a1d" />
    <TestEntry testId="e0e642e1-14e3-52f8-70ad-16b2e9c3c51c" executionId="8e6eb7a6-fc6d-4b61-a907-ec4a42af9619" testListId="8c84fa94-04c1-424b-9868-57a2d4851a1d" />
    <TestEntry testId="53853714-e700-5348-983d-e3b36d23f8ac" executionId="ebe74fe7-821b-4353-b134-a3d9bb02a924" testListId="8c84fa94-04c1-424b-9868-57a2d4851a1d" />
    <TestEntry testId="691d6967-3877-8be8-d6cf-50bd8264ec75" executionId="5a43b4ee-33d5-4294-aae5-9b51ae2c39be" testListId="8c84fa94-04c1-424b-9868-57a2d4851a1d" />
    <TestEntry testId="ca28608d-bdc3-4166-9756-ee2c78beab85" executionId="6db887f8-92c0-47fa-b8cc-8cd1fd7c5420" testListId="8c84fa94-04c1-424b-9868-57a2d4851a1d" />
    <TestEntry testId="0491c4d4-3c2a-7426-2c9e-61e4e5529872" executionId="03ab6e8e-34dc-45fa-8130-b587ced3e46b" testListId="8c84fa94-04c1-424b-9868-57a2d4851a1d" />
    <TestEntry testId="44651b18-9ac6-ab33-6f4b-7f0addedcd19" executionId="0e679804-5898-455d-b64e-b35c501d842b" testListId="8c84fa94-04c1-424b-9868-57a2d4851a1d" />
    <TestEntry testId="f7eedc70-2d13-4e52-8875-3ce5d4fe90f8" executionId="7a2fd6ce-b3c5-48ee-873a-dd61f5f72831" testListId="8c84fa94-04c1-424b-9868-57a2d4851a1d" />
    <TestEntry testId="e9f05a0e-52ac-a654-72a9-83a92ee09440" executionId="c19bd622-7336-4722-8ab3-c25c56a2dc27" testListId="8c84fa94-04c1-424b-9868-57a2d4851a1d" />
    <TestEntry testId="edb1b60a-5c32-0f1e-c6d7-5144d2a415ea" executionId="56e1409c-27d2-4a27-b6d3-7786cb85047d" testListId="8c84fa94-04c1-424b-9868-57a2d4851a1d" />
    <TestEntry testId="1a5b152b-6fa2-0c3f-d309-d24dfc977679" executionId="8b9ce4ac-6496-44a7-9796-6118c0d5b664" testListId="8c84fa94-04c1-424b-9868-57a2d4851a1d" />
    <TestEntry testId="cbaa6d23-743f-f50c-76da-7435df8484c0" executionId="995a2352-c6ff-431f-a782-69aa3b96178b" testListId="8c84fa94-04c1-424b-9868-57a2d4851a1d" />
    <TestEntry testId="64218e87-cd2e-94ca-d20d-728406f68cec" executionId="6272bbd6-c3e1-4962-8a79-466cf8e1500a" testListId="8c84fa94-04c1-424b-9868-57a2d4851a1d" />
  </TestEntries>
  <TestLists>
    <TestList name="Results Not in a List" id="8c84fa94-04c1-424b-9868-57a2d4851a1d" />
    <TestList name="All Loaded Results" id="19431567-8539-422a-85d7-44ee4e166bda" />
  </TestLists>
  <ResultSummary outcome="Completed">
    <Counters total="22" executed="22" passed="22" failed="0" error="0" timeout="0" aborted="0" inconclusive="0" passedButRunAborted="0" notRunnable="0" notExecuted="0" disconnected="0" warning="0" completed="0" inProgress="0" pending="0" />
    <Output>
      <StdOut>NUnit Adapter 4.4.0.0: Test execution started
Running all tests in /home/grava/repos/codewarskata/Katas/test/bin/Debug/net8.0/test.dll
   NUnit3TestExecutor discovered 22 of 22 NUnit test cases using Current Discovery mode, Non-Explicit run
NUnit Adapter 4.4.0.0: Test execution complete
</StdOut>
    </Output>
  </ResultSummary>
</TestRun>